2014-09-18 14:13:44 Error: [MissingActionException] Action MeserosController::ver() could not be found.
Exception Attributes: array (
  'controller' => 'MeserosController',
  'action' => 'ver',
)
Request URL: /restaurante/meseros/ver/1
Stack Trace:
#0 C:\xampp\htdocs\restaurante\lib\Cake\Routing\Dispatcher.php(191): Controller->invokeAction(Object(CakeRequest))
#1 C:\xampp\htdocs\restaurante\lib\Cake\Routing\Dispatcher.php(165): Dispatcher->_invoke(Object(MeserosController), Object(CakeRequest))
#2 C:\xampp\htdocs\restaurante\app\webroot\index.php(108): Dispatcher->dispatch(Object(CakeRequest), Object(CakeResponse))
#3 {main}
2014-09-18 14:14:16 Error: [MissingActionException] Action MeserosController::ver() could not be found.
Exception Attributes: array (
  'controller' => 'MeserosController',
  'action' => 'ver',
)
Request URL: /restaurante/meseros/ver/3
Stack Trace:
#0 C:\xampp\htdocs\restaurante\lib\Cake\Routing\Dispatcher.php(191): Controller->invokeAction(Object(CakeRequest))
#1 C:\xampp\htdocs\restaurante\lib\Cake\Routing\Dispatcher.php(165): Dispatcher->_invoke(Object(MeserosController), Object(CakeRequest))
#2 C:\xampp\htdocs\restaurante\app\webroot\index.php(108): Dispatcher->dispatch(Object(CakeRequest), Object(CakeResponse))
#3 {main}
2014-09-18 14:30:09 Error: Fatal Error (4): syntax error, unexpected 'echo' (T_ECHO), expecting ',' or ';' in [C:\xampp\htdocs\restaurante\app\View\Meseros\nuevo.ctp, line 5]
2014-09-18 14:30:09 Error: [FatalErrorException] syntax error, unexpected 'echo' (T_ECHO), expecting ',' or ';'
Request URL: /restaurante/meseros/nuevo
Stack Trace:
#0 C:\xampp\htdocs\restaurante\lib\Cake\Error\ErrorHandler.php(203): ErrorHandler::handleFatalError(4, 'syntax error, u...', 'C:\xampp\htdocs...', 5)
#1 [internal function]: ErrorHandler::handleError(4, 'syntax error, u...', 'C:\xampp\htdocs...', 5, Array)
#2 C:\xampp\htdocs\restaurante\lib\Cake\Core\App.php(931): call_user_func('ErrorHandler::h...', 4, 'syntax error, u...', 'C:\xampp\htdocs...', 5, Array)
#3 C:\xampp\htdocs\restaurante\lib\Cake\Core\App.php(904): App::_checkFatalError()
#4 [internal function]: App::shutdown()
#5 {main}
2014-09-29 20:43:11 Error: Fatal Error (4): syntax error, unexpected 'array' (T_ARRAY) in [C:\xampp\htdocs\restaurante\app\View\Meseros\index.ctp, line 20]
2014-09-29 20:43:11 Error: [FatalErrorException] syntax error, unexpected 'array' (T_ARRAY)
Request URL: /restaurante/meseros
Stack Trace:
#0 C:\xampp\htdocs\restaurante\lib\Cake\Error\ErrorHandler.php(203): ErrorHandler::handleFatalError(4, 'syntax error, u...', 'C:\\xampp\\htdocs...', 20)
#1 [internal function]: ErrorHandler::handleError(4, 'syntax error, u...', 'C:\\xampp\\htdocs...', 20, Array)
#2 C:\xampp\htdocs\restaurante\lib\Cake\Core\App.php(931): call_user_func('ErrorHandler::h...', 4, 'syntax error, u...', 'C:\\xampp\\htdocs...', 20, Array)
#3 C:\xampp\htdocs\restaurante\lib\Cake\Core\App.php(904): App::_checkFatalError()
#4 [internal function]: App::shutdown()
#5 {main}
2014-09-29 20:43:41 Error: Fatal Error (4): syntax error, unexpected 'array' (T_ARRAY) in [C:\xampp\htdocs\restaurante\app\View\Meseros\index.ctp, line 20]
2014-09-29 20:43:41 Error: [FatalErrorException] syntax error, unexpected 'array' (T_ARRAY)
Request URL: /restaurante/meseros
Stack Trace:
#0 C:\xampp\htdocs\restaurante\lib\Cake\Error\ErrorHandler.php(203): ErrorHandler::handleFatalError(4, 'syntax error, u...', 'C:\\xampp\\htdocs...', 20)
#1 [internal function]: ErrorHandler::handleError(4, 'syntax error, u...', 'C:\\xampp\\htdocs...', 20, Array)
#2 C:\xampp\htdocs\restaurante\lib\Cake\Core\App.php(931): call_user_func('ErrorHandler::h...', 4, 'syntax error, u...', 'C:\\xampp\\htdocs...', 20, Array)
#3 C:\xampp\htdocs\restaurante\lib\Cake\Core\App.php(904): App::_checkFatalError()
#4 [internal function]: App::shutdown()
#5 {main}
2014-09-29 20:47:20 Error: [NotFoundException] Datos Invalidos
Request URL: /restaurante/meseros/editar/action%20:index
Stack Trace:
#0 [internal function]: MeserosController->editar()
#1 C:\xampp\htdocs\restaurante\lib\Cake\Controller\Controller.php(490): ReflectionMethod->invokeArgs(Object(MeserosController), Array)
#2 C:\xampp\htdocs\restaurante\lib\Cake\Routing\Dispatcher.php(191): Controller->invokeAction(Object(CakeRequest))
#3 C:\xampp\htdocs\restaurante\lib\Cake\Routing\Dispatcher.php(165): Dispatcher->_invoke(Object(MeserosController), Object(CakeRequest))
#4 C:\xampp\htdocs\restaurante\app\webroot\index.php(108): Dispatcher->dispatch(Object(CakeRequest), Object(CakeResponse))
#5 {main}
2014-09-29 20:47:33 Error: [NotFoundException] Datos Invalidos
Request URL: /restaurante/meseros/editar/action%20:index
Stack Trace:
#0 [internal function]: MeserosController->editar()
#1 C:\xampp\htdocs\restaurante\lib\Cake\Controller\Controller.php(490): ReflectionMethod->invokeArgs(Object(MeserosController), Array)
#2 C:\xampp\htdocs\restaurante\lib\Cake\Routing\Dispatcher.php(191): Controller->invokeAction(Object(CakeRequest))
#3 C:\xampp\htdocs\restaurante\lib\Cake\Routing\Dispatcher.php(165): Dispatcher->_invoke(Object(MeserosController), Object(CakeRequest))
#4 C:\xampp\htdocs\restaurante\app\webroot\index.php(108): Dispatcher->dispatch(Object(CakeRequest), Object(CakeResponse))
#5 {main}
2014-09-29 21:12:35 Error: [MethodNotAllowedException] INCORRECTO
Request URL: /restaurante/meseros/eliminar/5
Stack Trace:
#0 [internal function]: MeserosController->eliminar('5')
#1 C:\xampp\htdocs\restaurante\lib\Cake\Controller\Controller.php(490): ReflectionMethod->invokeArgs(Object(MeserosController), Array)
#2 C:\xampp\htdocs\restaurante\lib\Cake\Routing\Dispatcher.php(191): Controller->invokeAction(Object(CakeRequest))
#3 C:\xampp\htdocs\restaurante\lib\Cake\Routing\Dispatcher.php(165): Dispatcher->_invoke(Object(MeserosController), Object(CakeRequest))
#4 C:\xampp\htdocs\restaurante\app\webroot\index.php(108): Dispatcher->dispatch(Object(CakeRequest), Object(CakeResponse))
#5 {main}
2014-09-29 21:13:16 Error: [NotFoundException] Datos Invalidos
Request URL: /restaurante/meseros/editar/
Stack Trace:
#0 [internal function]: MeserosController->editar()
#1 C:\xampp\htdocs\restaurante\lib\Cake\Controller\Controller.php(490): ReflectionMethod->invokeArgs(Object(MeserosController), Array)
#2 C:\xampp\htdocs\restaurante\lib\Cake\Routing\Dispatcher.php(191): Controller->invokeAction(Object(CakeRequest))
#3 C:\xampp\htdocs\restaurante\lib\Cake\Routing\Dispatcher.php(165): Dispatcher->_invoke(Object(MeserosController), Object(CakeRequest))
#4 C:\xampp\htdocs\restaurante\app\webroot\index.php(108): Dispatcher->dispatch(Object(CakeRequest), Object(CakeResponse))
#5 {main}
2014-09-29 21:13:24 Error: [NotFoundException] El mesero no ha sido encontrado
Request URL: /restaurante/meseros/editar/323123
Stack Trace:
#0 [internal function]: MeserosController->editar('323123')
#1 C:\xampp\htdocs\restaurante\lib\Cake\Controller\Controller.php(490): ReflectionMethod->invokeArgs(Object(MeserosController), Array)
#2 C:\xampp\htdocs\restaurante\lib\Cake\Routing\Dispatcher.php(191): Controller->invokeAction(Object(CakeRequest))
#3 C:\xampp\htdocs\restaurante\lib\Cake\Routing\Dispatcher.php(165): Dispatcher->_invoke(Object(MeserosController), Object(CakeRequest))
#4 C:\xampp\htdocs\restaurante\app\webroot\index.php(108): Dispatcher->dispatch(Object(CakeRequest), Object(CakeResponse))
#5 {main}
2016-10-20 12:12:56 Error: [MissingConnectionException] Database connection "Mysql" is missing, or could not be created.
Exception Attributes: array (
  'class' => 'Mysql',
  'message' => 'SQLSTATE[HY000] [1049] Unknown database \'restaurante\'',
  'enabled' => true,
)
Request URL: /cakephpv2/meseros
Stack Trace:
#0 C:\xampp\htdocs\cakephpv2\lib\Cake\Model\Datasource\DboSource.php(260): Mysql->connect()
#1 C:\xampp\htdocs\cakephpv2\lib\Cake\Model\ConnectionManager.php(105): DboSource->__construct(Array)
#2 C:\xampp\htdocs\cakephpv2\lib\Cake\Model\Model.php(3524): ConnectionManager::getDataSource('default')
#3 C:\xampp\htdocs\cakephpv2\lib\Cake\Model\Model.php(1136): Model->setDataSource('default')
#4 C:\xampp\htdocs\cakephpv2\lib\Cake\Model\Model.php(3551): Model->setSource('meseros')
#5 C:\xampp\htdocs\cakephpv2\lib\Cake\Model\Model.php(2947): Model->getDataSource()
#6 C:\xampp\htdocs\cakephpv2\lib\Cake\Model\Model.php(2919): Model->_readDataSource('all', Array)
#7 C:\xampp\htdocs\cakephpv2\app\Controller\MeserosController.php(9): Model->find('all')
#8 [internal function]: MeserosController->index()
#9 C:\xampp\htdocs\cakephpv2\lib\Cake\Controller\Controller.php(490): ReflectionMethod->invokeArgs(Object(MeserosController), Array)
#10 C:\xampp\htdocs\cakephpv2\lib\Cake\Routing\Dispatcher.php(191): Controller->invokeAction(Object(CakeRequest))
#11 C:\xampp\htdocs\cakephpv2\lib\Cake\Routing\Dispatcher.php(165): Dispatcher->_invoke(Object(MeserosController), Object(CakeRequest))
#12 C:\xampp\htdocs\cakephpv2\app\webroot\index.php(108): Dispatcher->dispatch(Object(CakeRequest), Object(CakeResponse))
#13 {main}
